### ISSUE TITLE
mutter: downstream patch breaks mutter, crash when locking screen

### ISSUE THREAD

**Issue by ngkz** [NixOS/nixpkgs#541689]
### Nixpkgs version

- Stable (26.05)

### Describe the bug

GNOME 50.2 on My NixOS 26.05 (nixpkgs commit 8f0500b9660505dc3cb647775fe9a978a74b5283) system sometimes crashes when locking screen.

i checked coredump and it is caused by this cherry-picked commit:
```
  patches = [
    # mutter 50.2 spams logs, clutter_input_focus_set_cursor_location
    # https://gitlab.gnome.org/GNOME/mutter/-/work_items/4840
    (fetchpatch {
      url = "https://gitlab.gnome.org/GNOME/mutter/-/commit/f1570318ec3e9a38615eb91708bb71628ab8bcfd.patch";
      hash = "sha256-73GI2DTgoEBUQGa7nTUIur/ZuDHgDu4SwjUWHBRCyuo=";
    })
  ];
```

### Steps to reproduce

1. lock the screen
2. crashes sometimes

### Expected behaviour

no crash

### Relevant log output

```console

```

### Additional context

stack trace:
```
 Stack trace of thread 698926:
 #0  0x000072e61a196b27 clutter_input_focus_is_focused (libmutter-clutter-18.so.0 + 0x88b27)
 #1  0x000072e619dda4af update_cursor_location (libmutter-18.so.0 + 0x1da4af)
 #2  0x000072e61ab331bc g_closure_invoke (libgobject-2.0.so.0 + 0x181bc)
 #3  0x000072e61ab4914a signal_emit_unlocked_R.isra.0 (libgobject-2.0.so.0 + 0x2e14a)
 #4  0x000072e61ab4abcc signal_emit_valist_unlocked (libgobject-2.0.so.0 + 0x2fbcc)
 #5  0x000072e61ab50804 g_signal_emit_valist (libgobject-2.0.so.0 + 0x35804)
 #6  0x000072e61ab508cf g_signal_emit (libgobject-2.0.so.0 + 0x358cf)
 #7  0x000072e619dd396f meta_wayland_surface_apply_state (libmutter-18.so.0 + 0x1d396f)
 #8  0x000072e619dde27b meta_wayland_transaction_maybe_apply (libmutter-18.so.0 + 0x1de27b)
 #9  0x000072e619dde932 meta_wayland_transaction_commit (libmutter-18.so.0 + 0x1de932)
 #10 0x000072e619dd1b4b wl_surface_commit (libmutter-18.so.0 + 0x1d1b4b)
 #11 0x000072e618ff4052 ffi_call_unix64 (libffi.so.8 + 0xa052)
 #12 0x000072e618ff275c ffi_call_int (libffi.so.8 + 0x875c)
 #13 0x000072e618ff32ae ffi_call (libffi.so.8 + 0x92ae)
 #14 0x000072e6178a3bcc wl_closure_invoke (libwayland-server.so.0 + 0xfbcc)
 #15 0x000072e61789dde7 wl_client_connection_data (libwayland-server.so.0 + 0x9de7)
 #16 0x000072e6178a1312 wl_event_loop_dispatch (libwayland-server.so.0 + 0xd312)
 #17 0x000072e619db2c87 wayland_event_source_dispatch (libmutter-18.so.0 + 0x1b2c87)
 #18 0x000072e61a700c4b g_main_context_dispatch_unlocked (libglib-2.0.so.0 + 0x62c4b)
 #19 0x000072e61a704218 g_main_context_iterate_unlocked.isra.0 (libglib-2.0.so.0 + 0x66218)
 #20 0x000072e61a704d37 g_main_loop_run (libglib-2.0.so.0 + 0x66d37)
 #21 0x000072e619d37baa meta_context_run_main_loop (libmutter-18.so.0 + 0x137baa)
 #22 0x000072e618ff4052 ffi_call_unix64 (libffi.so.8 + 0xa052)
 #23 0x000072e618ff275c ffi_call_int (libffi.so.8 + 0x875c)
 #24 0x000072e618ff32ae ffi_call (libffi.so.8 + 0x92ae)
 #25 0x000072e61a2ab882 _ZN3Gjs8Function6invokeEP9JSContextRKN2JS8CallArgsENS3_6HandleIP8JSObjectEEP11_GIArgument.localalias (libgjs.so.0 + 0x77882)
 #26 0x000072e61a2ac4e5 _ZN3Gjs8Function4callEP9JSContextjPN2JS5ValueE (libgjs.so.0 + 0x784e5)
 #27 0x000072e617b7bab9 _ZN2js23InternalCallOrConstructEP9JSContextRKN2JS8CallArgsENS_14MaybeConstructENS_10CallReasonE (libmozjs-140.so + 0x17bab9)
 #28 0x000072e617b6d454 _ZN2js9InterpretEP9JSContextRNS_8RunStateE (libmozjs-140.so + 0x16d454)
 #29 0x000072e617b7b763 _ZN2js9RunScriptEP9JSContextRNS_8RunStateE (libmozjs-140.so + 0x17b763)
 #30 0x000072e617b7bd9d _ZN2js23InternalCallOrConstructEP9JSContextRKN2JS8CallArgsENS_14MaybeConstructENS_10CallReasonE (libmozjs-140.so + 0x17bd9d)
 #31 0x000072e617b7c191 _ZN2js4CallEP9JSContextN2JS6HandleINS2_5ValueEEES5_RKNS_13AnyInvokeArgsENS2_13MutableHandleIS4_EENS_10CallReasonE (libmozjs-140.so + 0x17c191)
 #32 0x000072e617c37ba9 _ZN2JS4CallEP9JSContextNS_6HandleINS_5ValueEEES4_RKNS_16HandleValueArrayENS_13MutableHandleIS3_EE (libmozjs-140.so + 0x237ba9)
 #33 0x000072e61a305d92 _ZN17GjsContextPrivate18run_main_loop_hookEv.localalias (libgjs.so.0 + 0xd1d92)
 #34 0x000072e61a30686f _ZN17GjsContextPrivate11eval_moduleEPKcPh.localalias (libgjs.so.0 + 0xd286f)
 #35 0x000072e61a306a07 gjs_context_eval_module (libgjs.so.0 + 0xd2a07)
 #36 0x000072e61a306e82 gjs_context_eval_module_file (libgjs.so.0 + 0xd2e82)
 #37 0x000055e0e207e9b3 main (.gnome-shell-wrapped + 0x39b3)
 #38 0x000072e61982b285 __libc_start_call_main (libc.so.6 + 0x2b285)
 #39 0x000072e61982b338 __libc_start_main@@GLIBC_2.34 (libc.so.6 + 0x2b338)
 #40 0x000055e0e207ecc5 _start (.gnome-shell-wrapped + 0x3cc5)
```

Line `+  if (clutter_input_focus_is_focused (text_input->cursor_update.focus))` in the patch causes NULL pointer `text_input->cursor_update.focus` dereference:
```
LEGEND: STACK | HEAP | CODE | DATA | WX | RODATA
────────────────────────────────────────────[ REGISTERS / show-flags off / show-compact-regs off ]─────────────────────────────────────────────
 RAX  0xffffffffffffffe0
 RBX  0x5b8e64ff7480 —▸ 0x5b8e64ff5060 —▸ 0x5b8e64fe74d0 —▸ 0x5b8e64ff3120 —▸ 0x5b8e64ff26c0 ◂— ...
 RCX  0
 RDX  0x5b8e6524efe0 —▸ 0x5b8e69b216f0 —▸ 0x5b8e69b1a330 ◂— 0
 RDI  0
 RSI  0x5b8e64ff7480 —▸ 0x5b8e64ff5060 —▸ 0x5b8e64fe74d0 —▸ 0x5b8e64ff3120 —▸ 0x5b8e64ff26c0 ◂— ...
 R8   0
 R9   0x719553fda490 (update_cursor_location) ◂— push rbp
 R10  0
 R11  0x7ffd84c489e0 ◂— 0x5b8e0000035f
 R12  0x719554d2b810 (g_cclosure_marshal_VOID__VOID) ◂— cmp edx, 1
 R13  0x5b8e66e14d10 ◂— 0x40000002
 R14  0x5b8e6524efe0 —▸ 0x5b8e69b216f0 —▸ 0x5b8e69b1a330 ◂— 0
 R15  1
 RBP  0x7ffd84c48730 —▸ 0x7ffd84c487e0 —▸ 0x7ffd84c48940 —▸ 0x7ffd84c48b30 —▸ 0x7ffd84c48b60 ◂— ...
 RSP  0x7ffd84c48708 —▸ 0x719553fda4af (update_cursor_location+31) ◂— test eax, eax
 RIP  0x719554396b27 (clutter_input_focus_is_focused+7) ◂— cmp qword ptr [rdi + rax], 0
─────────────────────────────────────────────────────[ DISASM / x86-64 / set emulate on ]──────────────────────────────────────────────────────
 ► 0x719554396b27 <clutter_input_focus_is_focused+7>             cmp    qword ptr [rdi + rax], 0
   0x719554396b2c <clutter_input_focus_is_focused+12>            setne  al
   0x719554396b2f <clutter_input_focus_is_focused+15>            movzx  eax, al
   0x719554396b32 <clutter_input_focus_is_focused+18>            xor    edi, edi                     EDI => 0
   0x719554396b34 <clutter_input_focus_is_focused+20>            ret   
 
   0x719554396b35                                                nop    word ptr cs:[rax + rax]
   0x719554396b40 <clutter_input_focus_set_cursor_location>      push   rbp
   0x719554396b41 <clutter_input_focus_set_cursor_location+1>    mov    rbp, rsp
   0x719554396b44 <clutter_input_focus_set_cursor_location+4>    push   r14
   0x719554396b46 <clutter_input_focus_set_cursor_location+6>    mov    r14, rsi
   0x719554396b49 <clutter_input_focus_set_cursor_location+9>    push   rbx
```
```
pwndbg> disas
Dump of assembler code for function clutter_input_focus_is_focused:
   0x0000719554396b20 <+0>:	movsxd rax,DWORD PTR [rip+0x9c449]        # 0x719554432f70 <ClutterInputFocus_private_offset>
=> 0x0000719554396b27 <+7>:	cmp    QWORD PTR [rdi+rax*1],0x0
   0x0000719554396b2c <+12>:	setne  al
   0x0000719554396b2f <+15>:	movzx  eax,al
   0x0000719554396b32 <+18>:	xor    edi,edi
   0x0000719554396b34 <+20>:	ret
```
```
pwndbg> x/gx 0x719554432f70
0x719554432f70 <ClutterInputFocus_private_offset>:	0x00000000ffffffe0
pwndbg> p/x $rdi
$1 = 0x0
```
```
pwndbg> frame 1
#1  0x0000719553fda4af in update_cursor_location () from /nix/store/1fqmsdvphm7ygcsgbyi8rjdqpwk9kxx7-mutter-50.2/lib/libmutter-18.so.0
pwndbg> disas
Dump of assembler code for function update_cursor_location:
   0x0000719553fda490 <+0>:	push   rbp
   0x0000719553fda491 <+1>:	mov    rbp,rsp
   0x0000719553fda494 <+4>:	push   r14
   0x0000719553fda496 <+6>:	mov    r14,rdi
   0x0000719553fda499 <+9>:	push   r12
   0x0000719553fda49b <+11>:	push   rbx
   0x0000719553fda49c <+12>:	mov    rbx,rsi
   0x0000719553fda49f <+15>:	sub    rsp,0x8
   0x0000719553fda4a3 <+19>:	mov    rdi,QWORD PTR [rsi+0xd8]
   0x0000719553fda4aa <+26>:	call   0x719553e79100 <clutter_input_focus_is_focused@plt>
=> 0x0000719553fda4af <+31>:	test   eax,eax
   0x0000719553fda4b1 <+33>:	jne    0x719553fda508 <update_cursor_location+120>
   0x0000719553fda4b3 <+35>:	mov    rdi,QWORD PTR [rbx+0xd8]
   0x0000719553fda4ba <+42>:	mov    QWORD PTR [rbx+0xd8],0x0
   0x0000719553fda4c5 <+53>:	test   rdi,rdi
   0x0000719553fda4c8 <+56>:	je     0x719553fda4cf <update_cursor_location+63>
   0x0000719553fda4ca <+58>:	call   0x719553e7c0c8 <g_object_unref@plt>
   0x0000719553fda4cf <+63>:	pxor   xmm3,xmm3
   0x0000719553fda4d3 <+67>:	lea    rdi,[rbx+0xe0]
   0x0000719553fda4da <+74>:	movaps xmm2,xmm3
   0x0000719553fda4dd <+77>:	movaps xmm1,xmm3
   0x0000719553fda4e0 <+80>:	movaps xmm0,xmm3
   0x0000719553fda4e3 <+83>:	call   0x719553e7b9e0 <graphene_rect_init@plt>
   0x0000719553fda4e8 <+88>:	mov    rsi,QWORD PTR [rbx+0xf0]
   0x0000719553fda4ef <+95>:	test   rsi,rsi
   0x0000719553fda4f2 <+98>:	jne    0x719553fda520 <update_cursor_location+144>
   0x0000719553fda4f4 <+100>:	add    rsp,0x8
   0x0000719553fda4f8 <+104>:	pop    rbx
   0x0000719553fda4f9 <+105>:	pop    r12
   0x0000719553fda4fb <+107>:	pop    r14
   0x0000719553fda4fd <+109>:	pop    rbp
   0x0000719553fda4fe <+110>:	xor    eax,eax
   0x0000719553fda500 <+112>:	xor    esi,esi
   0x0000719553fda502 <+114>:	xor    edi,edi
   0x0000719553fda504 <+116>:	ret
```

### System metadata

nix-shell -p nix-info --run "nix-info -m"
```
fetching path input 'path:/nix/store/dkxbk4sjs8p64vybnaby5mj3nl1rr31g-source'
 - system: `"x86_64-linux"`
 - host os: `Linux 7.1.3, NixOS, 26.05 (Yarara), 26.05.20260710.8f0500b`
 - multi-user?: `yes`
 - sandbox: `yes`
 - version: `nix-env (Lix, like Nix) 2.94.2
System type: x86_64-linux
Additional system types: aarch64-linux, i686-linux
Features: gc, signed-caches
System configuration file: /etc/nix/nix.conf
User configuration files: /home/user/.config/nix/nix.conf:/etc/xdg/nix/nix.conf:/home/user/.nix-profile/etc/xdg/nix/nix.conf:/home/user/.local/state/nix/profile/etc/xdg/nix/nix.conf:/home/user/.local/state/nix/profile/etc/xdg/nix/nix.conf:/etc/profiles/per-user/user/etc/xdg/nix/nix.conf:/nix/var/nix/profiles/default/etc/xdg/nix/nix.conf:/run/current-system/sw/etc/xdg/nix/nix.conf:/nix/store/35n28jm8s02fw1acvvy0jrrk2krvq5z9-gnome-settings-daemon-50.1/etc/xdg/nix/nix.conf
Store directory: /nix/store
State directory: /nix/var/nix
Data directory: /nix/store/1v5w96pxinsffs64jfyrsms3rjwqn8qq-lix-2.94.2/share`
 - nixpkgs: `/nix/store/dkxbk4sjs8p64vybnaby5mj3nl1rr31g-source`
```

### Notify maintainers

lib.teams.gnome:
@jtojnar @bobby285271

---

**Note for maintainers:** Please tag this issue in your pull request description. (i.e. `Resolves #ISSUE`.)

### I assert that this issue is relevant for Nixpkgs

- [x] I assert that this is a bug and not a support request.
- [x] I assert that this is not a [duplicate of an existing issue](https://github.com/NixOS/nixpkgs/issues?q=is%3Aissue+label%3A%220.kind%3A+bug%22+-label%3A%226.topic%3A+darwin%22+-label%3A%226.topic%3A+nixos%22). 
- [x] I assert that I have read the [NixOS Code of Conduct](https://github.com/NixOS/.github/blob/master/CODE_OF_CONDUCT.md) and agree to abide by it.
- [x] I assert that I have read the [automation/AI policy](https://github.com/NixOS/nixpkgs/blob/master/CONTRIBUTING.md#automationai-policy) and that this issue report complies with it.

### Is this issue important to you?

Add a :+1: [reaction] to [issues you find important].

[reaction]: https://github.blog/2016-03-10-add-reactions-to-pull-requests-issues-and-comments/
[issues you find important]: https://github.com/NixOS/nixpkgs/issues?q=is%3Aissue+is%3Aopen+sort%3Areactions-%2B1-desc

**Comment by thunze** [comment]
The patch you referenced has been included in mutter 50.3. There has also been [another patch](https://gitlab.gnome.org/GNOME/mutter/-/commit/e33ae1b90eb6c866250cc627be0830893a3be1b9) to the affected function, also included in mutter 50.3.

In case you can halfway reliably reproduce the issue, would you mind testing if the issue persists with mutter 50.3? The update to mutter 50.3 is included in the GNOME 50.3 PR: https://github.com/NixOS/nixpkgs/pull/543345.

**Comment by ngkz** [comment]
@thunze I upgraded mutter to 50.3 and tried locking the screen a few times, but so far it hasn't crashed.

**Comment by thunze** [comment]
The GNOME 50.3 PRs have been merged in the meantime (50.4 as well). Is this still an issue?

**Comment by ngkz** [comment]
@thunze 26.05 got mutter 50.4 so this is no longer an issue. thank you
